Arguments: 
  /Users/drakulus/.nvm/versions/node/v16.15.0/bin/node /usr/local/Cellar/yarn/1.22.10/libexec/bin/yarn.js

PATH: 
  /usr/local/opt/libpq/bin:/Users/drakulus/.nvm/versions/node/v16.15.0/bin:/Users/drakulus/.rvm/gems/ruby-2.7.5/bin:/Users/drakulus/.rvm/gems/ruby-2.7.5@global/bin:/Users/drakulus/.rvm/rubies/ruby-2.7.5/bin:/usr/local/bin:/usr/bin:/bin:/usr/sbin:/sbin:/Library/Apple/usr/bin:/Users/drakulus/Library/Android/sdk/platform-tools:/usr/local/opt/libpq/bin:/Users/drakulus/.nvm/versions/node/v16.15.0/bin:/Users/drakulus/.rvm/gems/ruby-2.7.5/bin:/Users/drakulus/.rvm/gems/ruby-2.7.5@global/bin:/Users/drakulus/.rvm/rubies/ruby-2.7.5/bin:/Users/drakulus/.rvm/bin:/Applications/dev/flutter/bin:/Users/drakulus/.fzf/bin:/Users/drakulus/.rvm/bin:/Applications/dev/flutter/bin:/Users/drakulus/.rvm/bin

Yarn version: 
  1.22.10

Node version: 
  16.15.0

Platform: 
  darwin x64

Trace: 
  Error: ENOSPC: no space left on device, copyfile '/Users/drakulus/Library/Caches/Yarn/v6/npm-react-native-0.70.5-f60540b21d338891086e0a834e331c124dd1f55c-integrity/node_modules/react-native/Libraries/Utilities/LoadingView.android.js' -> '/Users/drakulus/Desktop/expo_healer_v1/node_modules/react-native/Libraries/Utilities/LoadingView.android.js'

npm manifest: 
  {
    "name": "healer",
    "version": "2.0.0",
    "main": "node_modules/expo/AppEntry.js",
    "scripts": {
      "start": "expo start",
      "android": "expo start --android",
      "ios": "expo start --ios",
      "web": "expo start --web"
    },
    "dependencies": {
      "@eva-design/eva": "^2.1.1",
      "@react-native-async-storage/async-storage": "~1.17.3",
      "@react-native-community/datetimepicker": "6.5.2",
      "@react-navigation/bottom-tabs": "^6.3.3",
      "@react-navigation/drawer": "^6.4.4",
      "@react-navigation/native": "^6.0.12",
      "@react-navigation/native-stack": "^6.8.0",
      "@react-navigation/stack": "^6.2.3",
      "@ui-kitten/components": "^5.1.2",
      "@ui-kitten/eva-icons": "^5.1.2",
      "babel-plugin-module-resolver": "^4.1.0",
      "dayjs": "^1.11.5",
      "expo": "^47.0.0",
      "expo-cli": "^6.0.5",
      "expo-linear-gradient": "~12.0.1",
      "expo-splash-screen": "~0.17.5",
      "expo-status-bar": "~1.4.2",
      "formik": "^2.2.9",
      "lodash": "^4.17.21",
      "react": "18.1.0",
      "react-native": "0.70.5",
      "react-native-calendars": "^1.1289.0",
      "react-native-chart-kit": "^6.12.0",
      "react-native-gesture-handler": "~2.8.0",
      "react-native-gifted-chat": "^1.0.4",
      "react-native-maps": "1.3.2",
      "react-native-modal-datetime-picker": "^14.0.0",
      "react-native-reanimated": "~2.12.0",
      "react-native-reanimated-carousel": "^3.0.4",
      "react-native-redash": "^18.1.0",
      "react-native-safe-area-context": "4.4.1",
      "react-native-screens": "~3.18.0",
      "react-native-svg": "13.4.0",
      "react-native-web": "~0.18.7",
      "react-native-wheel-scrollview-picker": "^2.0.1",
      "victory-native": "^36.6.7",
      "yup": "^0.32.11",
      "yup-password": "^0.2.2",
      "yup-phone": "^1.3.2"
    },
    "devDependencies": {
      "@babel/core": "^7.19.3",
      "@babel/preset-typescript": "^7.18.6",
      "@react-navigation/native": "^6.0.10",
      "@types/lodash": "^4.14.185",
      "@types/react": "~18.0.24",
      "@types/react-native": "~0.70.6",
      "babel-preset-expo": "~9.2.1",
      "typescript": "^4.6.3"
    },
    "private": true
  }

yarn manifest: 
  No manifest

Lockfile: 
  No lockfile
